<?xml version="1.0" encoding="UTF-8"?>
<!-- Generated by org.testng.reporters.JUnitReportReporter -->
<testsuite skipped="3" hostname="Isakov-MBP.local" name="com.java4qa.sandbox.tests.PrimeTests" tests="7" failures="0" timestamp="25 Jan 2018 11:03:09 GMT" time="9.200" errors="0">
  <testcase name="testPrime" time="6.094" classname="com.java4qa.sandbox.tests.PrimeTests"/>
  <testcase name="testPrimeFast" time="3.095" classname="com.java4qa.sandbox.tests.PrimeTests"/>
  <testcase name="testPrimeSuperFast" time="0.000" classname="com.java4qa.sandbox.tests.PrimeTests"/>
  <testcase name="testNonPrime" time="0.011" classname="com.java4qa.sandbox.tests.PrimeTests"/>
  <testcase name="testPrimeWhile" classname="com.java4qa.sandbox.tests.PrimeTests">
    <skipped/>
  </testcase> <!-- testPrimeWhile -->
  <testcase name="testPrimeLong" classname="com.java4qa.sandbox.tests.PrimeTests">
    <skipped/>
  </testcase> <!-- testPrimeLong -->
  <testcase name="testNonPrimeWhile" classname="com.java4qa.sandbox.tests.PrimeTests">
    <skipped/>
  </testcase> <!-- testNonPrimeWhile -->
</testsuite> <!-- com.java4qa.sandbox.tests.PrimeTests -->
