<?xml version="1.0" encoding="UTF-8"?>
<testsuite name="com.java4qa.addressbook.tests.ContactPhoneTests" tests="1" skipped="0" failures="0" errors="0" timestamp="2017-12-26T18:36:59" hostname="AIsakov-MBP.local" time="0.398">
  <properties/>
  <testcase name="testContactPhones" classname="com.java4qa.addressbook.tests.ContactPhoneTests" time="0.398"/>
  <system-out><![CDATA[]]></system-out>
  <system-err><![CDATA[]]></system-err>
</testsuite>
