<?xml version="1.0" encoding="UTF-8"?>
<testsuite name="com.java4qa.addressbook.tests.GroupModificationTests" tests="1" skipped="0" failures="0" errors="0" timestamp="2017-12-26T18:40:52" hostname="AIsakov-MBP.local" time="2.248">
  <properties/>
  <testcase name="testGroupModification" classname="com.java4qa.addressbook.tests.GroupModificationTests" time="2.248"/>
  <system-out><![CDATA[]]></system-out>
  <system-err><![CDATA[]]></system-err>
</testsuite>
