<?xml version="1.0" encoding="UTF-8"?>
<testsuite name="com.java4qa.addressbook.tests.ContactModificationTests" tests="1" skipped="0" failures="0" errors="0" timestamp="2017-12-26T18:36:57" hostname="AIsakov-MBP.local" time="1.527">
  <properties/>
  <testcase name="testContactModification" classname="com.java4qa.addressbook.tests.ContactModificationTests" time="1.527"/>
  <system-out><![CDATA[]]></system-out>
  <system-err><![CDATA[]]></system-err>
</testsuite>
