<?xml version="1.0" encoding="UTF-8"?>
<testsuite name="com.java4qa.addressbook.tests.GroupDeletionTests" tests="1" skipped="0" failures="0" errors="0" timestamp="2017-12-26T18:40:55" hostname="AIsakov-MBP.local" time="1.561">
  <properties/>
  <testcase name="testGroupDeletion" classname="com.java4qa.addressbook.tests.GroupDeletionTests" time="1.561"/>
  <system-out><![CDATA[]]></system-out>
  <system-err><![CDATA[]]></system-err>
</testsuite>
