<?xml version="1.0" encoding="UTF-8"?>
<testsuite name="com.java4qa.addressbook.tests.GroupCreationTests" tests="6" skipped="0" failures="0" errors="0" timestamp="2017-12-26T18:40:32" hostname="AIsakov-MBP.local" time="20.038">
  <properties/>
  <testcase name="testBadGroupCreation[0](GroupData{id='2147483647', name='test'1'})" classname="com.java4qa.addressbook.tests.GroupCreationTests" time="3.465"/>
  <testcase name="testBadGroupCreation[1](GroupData{id='2147483647', name='test'2'})" classname="com.java4qa.addressbook.tests.GroupCreationTests" time="7.317"/>
  <testcase name="testBadGroupCreation[2](GroupData{id='2147483647', name='test'3'})" classname="com.java4qa.addressbook.tests.GroupCreationTests" time="2.225"/>
  <testcase name="testGroupCreation[0](GroupData{id='2147483647', name='test1'})" classname="com.java4qa.addressbook.tests.GroupCreationTests" time="2.311"/>
  <testcase name="testGroupCreation[1](GroupData{id='2147483647', name='test2'})" classname="com.java4qa.addressbook.tests.GroupCreationTests" time="2.358"/>
  <testcase name="testGroupCreation[2](GroupData{id='2147483647', name='test3'})" classname="com.java4qa.addressbook.tests.GroupCreationTests" time="2.339"/>
  <system-out><![CDATA[]]></system-out>
  <system-err><![CDATA[]]></system-err>
</testsuite>
