<?xml version="1.0" encoding="UTF-8"?>
<testsuite name="com.java4qa.addressbook.tests.ContactDeletionTests" tests="1" skipped="0" failures="0" errors="0" timestamp="2017-12-26T18:45:31" hostname="AIsakov-MBP.local" time="0.673">
  <properties/>
  <testcase name="testContactDeletion" classname="com.java4qa.addressbook.tests.ContactDeletionTests" time="0.673"/>
  <system-out><![CDATA[]]></system-out>
  <system-err><![CDATA[]]></system-err>
</testsuite>
