<?xml version="1.0" encoding="UTF-8"?>
<!-- Generated by org.testng.reporters.JUnitReportReporter -->
<testsuite skipped="4" hostname="Isakov-MBP.local" name="com.java4qa.addressbook.tests.GroupCreationTests" tests="4" failures="0" timestamp="25 Jan 2018 11:05:30 GMT" time="0.002" errors="0">
  <testcase name="testBadGroupCreation" time="0.001" classname="com.java4qa.addressbook.tests.GroupCreationTests">
    <skipped/>
  </testcase> <!-- testBadGroupCreation -->
  <testcase name="testGroupCreation" time="0.000" classname="com.java4qa.addressbook.tests.GroupCreationTests">
    <skipped/>
  </testcase> <!-- testGroupCreation -->
  <testcase name="testGroupCreation" time="0.000" classname="com.java4qa.addressbook.tests.GroupCreationTests">
    <skipped/>
  </testcase> <!-- testGroupCreation -->
  <testcase name="testGroupCreation" time="0.001" classname="com.java4qa.addressbook.tests.GroupCreationTests">
    <skipped/>
  </testcase> <!-- testGroupCreation -->
</testsuite> <!-- com.java4qa.addressbook.tests.GroupCreationTests -->
