<?xml version="1.0" encoding="UTF-8"?>
<!-- Generated by org.testng.reporters.JUnitReportReporter -->
<testsuite skipped="2" hostname="Isakov-MBP.local" name="com.java4qa.addressbook.tests.ContactCreationTests" tests="2" failures="0" timestamp="25 Jan 2018 11:05:30 GMT" time="0.001" errors="0">
  <testcase name="testContactCreationFull" time="0.000" classname="com.java4qa.addressbook.tests.ContactCreationTests">
    <skipped/>
  </testcase> <!-- testContactCreationFull -->
  <testcase name="testContactCreationFull" time="0.001" classname="com.java4qa.addressbook.tests.ContactCreationTests">
    <skipped/>
  </testcase> <!-- testContactCreationFull -->
</testsuite> <!-- com.java4qa.addressbook.tests.ContactCreationTests -->
