<?xml version="1.0" encoding="UTF-8"?>
<!-- Generated by org.testng.reporters.JUnitReportReporter -->
<testsuite skipped="1" hostname="Isakov-MBP.local" name="com.java4qa.addressbook.tests.ContactModificationTests" tests="1" failures="0" timestamp="25 Jan 2018 11:05:30 GMT" time="0.000" errors="0">
  <testcase name="testContactModification" time="0.000" classname="com.java4qa.addressbook.tests.ContactModificationTests">
    <skipped/>
  </testcase> <!-- testContactModification -->
</testsuite> <!-- com.java4qa.addressbook.tests.ContactModificationTests -->
